<?xml version="1.0" encoding="UTF-8"?>
<!-- Generated by org.testng.reporters.JUnitReportReporter -->
<testsuite hostname="dell" failures="0" tests="1" name="TestScript.ST_TC_007" time="26.717" errors="0" timestamp="2023-08-14T11:24:12 IST" skipped="0">
  <testcase classname="TestScript.ST_TC_007" name="vERIFY_THAT_ADDED_MODULE_IS_DISPLAYED_AND_CAN_ABLE_TO_DELETE_IT" time="26.717"/>
  <system-out/>
</testsuite> <!-- TestScript.ST_TC_007 -->
