<?xml version="1.0" encoding="UTF-8"?>
<!-- Generated by org.testng.reporters.JUnitReportReporter -->
<testsuite hostname="dell" failures="0" tests="4" name="GenericUtility.TestcaseListner" time="0.026" errors="0" timestamp="2023-08-05T11:38:08 IST" skipped="0">
  <testcase classname="GenericUtility.TestcaseListner" name="demoForListner" time="0.007"/>
  <system-out/>
  <testcase classname="GenericUtility.TestcaseListner" name="demoForListner2" time="0.002"/>
  <system-out/>
  <testcase classname="GenericUtility.TestcaseListner" name="demoForListner2" time="0.003"/>
  <system-out/>
  <testcase classname="GenericUtility.TestcaseListner" name="demoForListner" time="0.014"/>
  <system-out/>
</testsuite> <!-- GenericUtility.TestcaseListner -->
