<?xml version="1.0" encoding="UTF-8"?>
<!-- Generated by org.testng.reporters.JUnitReportReporter -->
<testsuite hostname="dell" failures="0" tests="2" name="TestcaseListner" time="0.028" errors="0" timestamp="2023-08-05T11:23:18 IST" skipped="0">
  <testcase classname="TestcaseListner" name="demoForListner" time="0.026"/>
  <system-out/>
  <testcase classname="TestcaseListner" name="demoForListner2" time="0.002"/>
  <system-out/>
</testsuite> <!-- TestcaseListner -->
