<?xml version="1.0" encoding="UTF-8"?>
<!-- Generated by org.testng.reporters.JUnitReportReporter -->
<testsuite hostname="dell" failures="0" tests="1" name="Reporting" time="99.500" errors="0" timestamp="2023-08-07T12:06:42 IST" skipped="0">
  <testcase classname="Reporting" name="demo" time="99.500"/>
  <system-out/>
</testsuite> <!-- Reporting -->
