<?xml version="1.0" encoding="UTF-8"?>
<!-- Generated by org.testng.reporters.JUnitReportReporter -->
<testsuite hostname="dell" failures="0" tests="1" name="TestScript.FT_TC_003" time="28.498" errors="0" timestamp="2023-08-15T23:49:40 IST" skipped="0">
  <testcase classname="TestScript.FT_TC_003" name="vERIFY_THAT_USER_CAN_SELECT_ALLTHE_CHECK_BOX_AND_CLICK_ON_THE_APPLAY" time="28.498"/>
  <system-out/>
</testsuite> <!-- TestScript.FT_TC_003 -->
