<?xml version="1.0" encoding="UTF-8"?>
<!-- Generated by org.testng.reporters.JUnitReportReporter -->
<testsuite hostname="dell" failures="0" tests="1" name="TC_001" time="11.148" errors="0" timestamp="2023-08-12T01:00:37 IST" skipped="0">
  <testcase classname="TC_001" name="demo" time="11.148"/>
  <system-out/>
</testsuite> <!-- TC_001 -->
