<?xml version="1.0" encoding="UTF-8"?>
<!-- Generated by org.testng.reporters.JUnitReportReporter -->
<testsuite hostname="dell" failures="0" tests="1" name="TestScript.FT_TC_004" time="33.225" errors="0" timestamp="2023-08-16T00:13:52 IST" skipped="0">
  <testcase classname="TestScript.FT_TC_004" name="vERIFY_THAT_USER_CAN_CLICK_ON_SELECT_ALL_BUTTON_AND_UNSELECT_ALL_BUTTON" time="33.225"/>
  <system-out/>
</testsuite> <!-- TestScript.FT_TC_004 -->
