<?xml version="1.0" encoding="UTF-8"?>
<!-- Generated by org.testng.reporters.JUnitReportReporter -->
<testsuite hostname="dell" failures="0" tests="2" name="GenericUtility.BaseClass" time="11.556" errors="0" timestamp="2023-08-10T22:22:54 IST" skipped="0">
  <testcase classname="GenericUtility.BaseClass" name="navigatingToApplication" time="7.511"/>
  <system-out/>
  <testcase classname="GenericUtility.BaseClass" name="signingOutfromthepage" time="4.045"/>
  <system-out/>
</testsuite> <!-- GenericUtility.BaseClass -->
