<?xml version="1.0" encoding="UTF-8"?>
<!-- Generated by org.testng.reporters.JUnitReportReporter -->
<testsuite hostname="LAPTOP-1VL2SLMT" failures="0" tests="3" name="TestScript.ST_TC_006_Test" time="123.755" errors="0" timestamp="2023-08-30T18:32:04 IST" skipped="0">
  <testcase classname="TestScript.ST_TC_006_Test" name="vERIFY_THAT_USER_CAN_ADD_MODULE_AND_CHECK" time="41.308"/>
  <system-out/>
  <testcase classname="TestScript.ST_TC_006_Test" name="vERIFY_THAT_USER_CAN_ADD_MODULE_AND_CHECK" time="41.358"/>
  <system-out/>
  <testcase classname="TestScript.ST_TC_006_Test" name="vERIFY_THAT_USER_CAN_ADD_MODULE_AND_CHECK" time="41.089"/>
  <system-out/>
</testsuite> <!-- TestScript.ST_TC_006_Test -->
